<?xml version="1.0" encoding="UTF-8"?>
<testng-results ignored="0" total="1" passed="1" failed="0" skipped="0">
  <reporter-output>
  </reporter-output>
  <suite started-at="2019-12-29T17:45:59 CET" name="Surefire suite" finished-at="2019-12-29T17:46:11 CET" duration-ms="11397">
    <groups>
    </groups>
    <test started-at="2019-12-29T17:45:59 CET" name="Surefire test" finished-at="2019-12-29T17:46:11 CET" duration-ms="11397">
      <class name="driver_test.DriverTest">
        <test-method is-config="true" signature="baseTestBeforeClass()[pri:0, instance:driver_test.DriverTest@27d415d9]" started-at="2019-12-29T17:45:59 CET" name="baseTestBeforeClass" finished-at="2019-12-29T17:45:59 CET" duration-ms="18" status="PASS">
          <reporter-output>
          </reporter-output>
        </test-method> <!-- baseTestBeforeClass -->
        <test-method is-config="true" signature="initializeDriver()[pri:0, instance:driver_test.DriverTest@27d415d9]" started-at="2019-12-29T17:45:59 CET" name="initializeDriver" finished-at="2019-12-29T17:46:04 CET" duration-ms="4926" status="PASS">
          <reporter-output>
          </reporter-output>
        </test-method> <!-- initializeDriver -->
        <test-method is-config="true" signature="beforeClass()[pri:0, instance:driver_test.DriverTest@27d415d9]" started-at="2019-12-29T17:46:04 CET" name="beforeClass" finished-at="2019-12-29T17:46:08 CET" duration-ms="3907" status="PASS">
          <reporter-output>
          </reporter-output>
        </test-method> <!-- beforeClass -->
        <test-method is-config="true" signature="logStartMethod(java.lang.reflect.Method)[pri:0, instance:driver_test.DriverTest@27d415d9]" started-at="2019-12-29T17:46:08 CET" name="logStartMethod" finished-at="2019-12-29T17:46:08 CET" duration-ms="4" status="PASS">
          <params>
            <param index="0">
              <value>
                <![CDATA[public void driver_test.DriverTest.testFirst()]]>
              </value>
            </param>
          </params>
          <reporter-output>
          </reporter-output>
        </test-method> <!-- logStartMethod -->
        <test-method signature="testFirst()[pri:0, instance:driver_test.DriverTest@27d415d9]" started-at="2019-12-29T17:46:08 CET" name="testFirst" finished-at="2019-12-29T17:46:10 CET" duration-ms="1641" status="PASS">
          <reporter-output>
          </reporter-output>
        </test-method> <!-- testFirst -->
        <test-method is-config="true" signature="logEndMethod(java.lang.reflect.Method)[pri:0, instance:driver_test.DriverTest@27d415d9]" started-at="2019-12-29T17:46:10 CET" name="logEndMethod" finished-at="2019-12-29T17:46:10 CET" duration-ms="1" status="PASS">
          <params>
            <param index="0">
              <value>
                <![CDATA[public void driver_test.DriverTest.testFirst()]]>
              </value>
            </param>
          </params>
          <reporter-output>
          </reporter-output>
        </test-method> <!-- logEndMethod -->
        <test-method is-config="true" signature="baseTestAfterClass()[pri:0, instance:driver_test.DriverTest@27d415d9]" started-at="2019-12-29T17:46:10 CET" name="baseTestAfterClass" finished-at="2019-12-29T17:46:10 CET" duration-ms="0" status="PASS">
          <reporter-output>
          </reporter-output>
        </test-method> <!-- baseTestAfterClass -->
        <test-method is-config="true" signature="destroyDriver()[pri:0, instance:driver_test.DriverTest@27d415d9]" started-at="2019-12-29T17:46:10 CET" name="destroyDriver" finished-at="2019-12-29T17:46:11 CET" duration-ms="830" status="PASS">
          <reporter-output>
          </reporter-output>
        </test-method> <!-- destroyDriver -->
      </class> <!-- driver_test.DriverTest -->
    </test> <!-- Surefire test -->
  </suite> <!-- Surefire suite -->
</testng-results>
