<?xml version="1.0" encoding="UTF-8"?>
<testng-results ignored="0" total="1" passed="1" failed="0" skipped="0">
  <reporter-output>
  </reporter-output>
  <suite started-at="2019-12-28T21:06:26 CET" name="driver_test.DriverTest" finished-at="2019-12-28T21:06:51 CET" duration-ms="24953">
    <groups>
    </groups>
    <test started-at="2019-12-28T21:06:26 CET" name="Command line test" finished-at="2019-12-28T21:06:51 CET" duration-ms="24953">
      <class name="driver_test.DriverTest">
        <test-method is-config="true" signature="baseTestBeforeClass()[pri:0, instance:driver_test.DriverTest@396e2f39]" started-at="2019-12-28T21:06:26 CET" name="baseTestBeforeClass" finished-at="2019-12-28T21:06:26 CET" duration-ms="18" status="PASS">
          <reporter-output>
          </reporter-output>
        </test-method> <!-- baseTestBeforeClass -->
        <test-method is-config="true" signature="initializeDriver()[pri:0, instance:driver_test.DriverTest@396e2f39]" started-at="2019-12-28T21:06:26 CET" name="initializeDriver" finished-at="2019-12-28T21:06:31 CET" duration-ms="5131" status="PASS">
          <reporter-output>
          </reporter-output>
        </test-method> <!-- initializeDriver -->
        <test-method is-config="true" signature="beforeClass()[pri:0, instance:driver_test.DriverTest@396e2f39]" started-at="2019-12-28T21:06:31 CET" name="beforeClass" finished-at="2019-12-28T21:06:48 CET" duration-ms="16690" status="PASS">
          <reporter-output>
          </reporter-output>
        </test-method> <!-- beforeClass -->
        <test-method is-config="true" signature="logStartMethod(java.lang.reflect.Method)[pri:0, instance:driver_test.DriverTest@396e2f39]" started-at="2019-12-28T21:06:48 CET" name="logStartMethod" finished-at="2019-12-28T21:06:48 CET" duration-ms="10" status="PASS">
          <params>
            <param index="0">
              <value>
                <![CDATA[public void driver_test.DriverTest.testFirst()]]>
              </value>
            </param>
          </params>
          <reporter-output>
          </reporter-output>
        </test-method> <!-- logStartMethod -->
        <test-method signature="testFirst()[pri:0, instance:driver_test.DriverTest@396e2f39]" started-at="2019-12-28T21:06:48 CET" name="testFirst" finished-at="2019-12-28T21:06:50 CET" duration-ms="2242" status="PASS">
          <reporter-output>
          </reporter-output>
        </test-method> <!-- testFirst -->
        <test-method is-config="true" signature="logEndMethod(java.lang.reflect.Method)[pri:0, instance:driver_test.DriverTest@396e2f39]" started-at="2019-12-28T21:06:50 CET" name="logEndMethod" finished-at="2019-12-28T21:06:50 CET" duration-ms="1" status="PASS">
          <params>
            <param index="0">
              <value>
                <![CDATA[public void driver_test.DriverTest.testFirst()]]>
              </value>
            </param>
          </params>
          <reporter-output>
          </reporter-output>
        </test-method> <!-- logEndMethod -->
        <test-method is-config="true" signature="destroyDriver()[pri:0, instance:driver_test.DriverTest@396e2f39]" started-at="2019-12-28T21:06:50 CET" name="destroyDriver" finished-at="2019-12-28T21:06:51 CET" duration-ms="801" status="PASS">
          <reporter-output>
          </reporter-output>
        </test-method> <!-- destroyDriver -->
        <test-method is-config="true" signature="baseTestAfterClass()[pri:0, instance:driver_test.DriverTest@396e2f39]" started-at="2019-12-28T21:06:50 CET" name="baseTestAfterClass" finished-at="2019-12-28T21:06:50 CET" duration-ms="0" status="PASS">
          <reporter-output>
          </reporter-output>
        </test-method> <!-- baseTestAfterClass -->
      </class> <!-- driver_test.DriverTest -->
    </test> <!-- Command line test -->
  </suite> <!-- driver_test.DriverTest -->
</testng-results>
